<?xml version="1.0" encoding="UTF-8"?>
<!-- Generated by org.testng.reporters.JUnitReportReporter -->
<testsuite hostname="N7Z0SFY1" name="testAllure.allurelogs" tests="1" failures="0" timestamp="15 Dec 2016 09:33:04 GMT" time="11.366" errors="0">
  <testcase name="testURL" time="11.366" classname="testAllure.allurelogs"/>
</testsuite> <!-- testAllure.allurelogs -->
