<?xml version="1.0" encoding="UTF-8"?>
<!-- Generated by org.testng.reporters.JUnitReportReporter -->
<testsuite hostname="N7Z0SFY1" name="testJava.tesmain" tests="2" failures="0" timestamp="13 Mar 2017 08:42:06 GMT" time="0.002" errors="0">
  <testcase name="testCase2" time="0.001" classname="testJava.tesmain"/>
  <testcase name="testCase1" time="0.001" classname="testJava.tesmain"/>
</testsuite> <!-- testJava.tesmain -->
